Line 17: Class MCI.MMControl of control MMC was not a loaded control class.
Line 23: The property name _ExtentX in MMC is invalid.
Line 24: The property name _ExtentY in MMC is invalid.
Line 25: The property name _Version in MMC is invalid.
Line 26: The property name PlayEnabled in MMC is invalid.
Line 27: The property name DeviceType in MMC is invalid.
Line 28: The property name FileName in MMC is invalid.
Line 23: The property name _ExtentX in MMC is invalid.
Line 24: The property name _ExtentY in MMC is invalid.
Line 25: The property name _Version in MMC is invalid.
Line 26: The property name PlayEnabled in MMC is invalid.
Line 27: The property name DeviceType in MMC is invalid.
Line 28: The property name FileName in MMC is invalid.
Line 23: The property name _ExtentX in MMC is invalid.
Line 24: The property name _ExtentY in MMC is invalid.
Line 25: The property name _Version in MMC is invalid.
Line 26: The property name PlayEnabled in MMC is invalid.
Line 27: The property name DeviceType in MMC is invalid.
Line 28: The property name FileName in MMC is invalid.
Line 23: The property name _ExtentX in MMC is invalid.
Line 24: The property name _ExtentY in MMC is invalid.
Line 25: The property name _Version in MMC is invalid.
Line 26: The property name PlayEnabled in MMC is invalid.
Line 27: The property name DeviceType in MMC is invalid.
Line 28: The property name FileName in MMC is invalid.
Line 23: The property name _ExtentX in MMC is invalid.
Line 24: The property name _ExtentY in MMC is invalid.
Line 25: The property name _Version in MMC is invalid.
Line 26: The property name PlayEnabled in MMC is invalid.
Line 27: The property name DeviceType in MMC is invalid.
Line 28: The property name FileName in MMC is invalid.
Line 23: The property name _ExtentX in MMC is invalid.
Line 24: The property name _ExtentY in MMC is invalid.
Line 25: The property name _Version in MMC is invalid.
Line 26: The property name PlayEnabled in MMC is invalid.
Line 27: The property name DeviceType in MMC is invalid.
Line 28: The property name FileName in MMC is invalid.
Line 23: The property name _ExtentX in MMC is invalid.
Line 24: The property name _ExtentY in MMC is invalid.
Line 25: The property name _Version in MMC is invalid.
Line 26: The property name PlayEnabled in MMC is invalid.
Line 27: The property name DeviceType in MMC is invalid.
Line 28: The property name FileName in MMC is invalid.
Line 23: The property name _ExtentX in MMC is invalid.
Line 24: The property name _ExtentY in MMC is invalid.
Line 25: The property name _Version in MMC is invalid.
Line 26: The property name PlayEnabled in MMC is invalid.
Line 27: The property name DeviceType in MMC is invalid.
Line 28: The property name FileName in MMC is invalid.
Line 23: The property name _ExtentX in MMC is invalid.
Line 24: The property name _ExtentY in MMC is invalid.
Line 25: The property name _Version in MMC is invalid.
Line 26: The property name PlayEnabled in MMC is invalid.
Line 27: The property name DeviceType in MMC is invalid.
Line 28: The property name FileName in MMC is invalid.
Line 23: The property name _ExtentX in MMC is invalid.
Line 24: The property name _ExtentY in MMC is invalid.
Line 25: The property name _Version in MMC is invalid.
Line 26: The property name PlayEnabled in MMC is invalid.
Line 27: The property name DeviceType in MMC is invalid.
Line 28: The property name FileName in MMC is invalid.
