Line 13: Class MCI.MMControl of control MMControl4 was not a loaded control class.
Line 25: Class MCI.MMControl of control MMControl3 was not a loaded control class.
Line 37: Class MCI.MMControl of control MMControl2 was not a loaded control class.
Line 49: Class MCI.MMControl of control MMControl1 was not a loaded control class.
Line 19: The property name _ExtentX in MMControl4 is invalid.
Line 20: The property name _ExtentY in MMControl4 is invalid.
Line 21: The property name _Version in MMControl4 is invalid.
Line 22: The property name DeviceType in MMControl4 is invalid.
Line 23: The property name FileName in MMControl4 is invalid.
Line 31: The property name _ExtentX in MMControl3 is invalid.
Line 32: The property name _ExtentY in MMControl3 is invalid.
Line 33: The property name _Version in MMControl3 is invalid.
Line 34: The property name DeviceType in MMControl3 is invalid.
Line 35: The property name FileName in MMControl3 is invalid.
Line 43: The property name _ExtentX in MMControl2 is invalid.
Line 44: The property name _ExtentY in MMControl2 is invalid.
Line 45: The property name _Version in MMControl2 is invalid.
Line 46: The property name DeviceType in MMControl2 is invalid.
Line 47: The property name FileName in MMControl2 is invalid.
Line 55: The property name _ExtentX in MMControl1 is invalid.
Line 56: The property name _ExtentY in MMControl1 is invalid.
Line 57: The property name _Version in MMControl1 is invalid.
Line 58: The property name DeviceType in MMControl1 is invalid.
Line 59: The property name FileName in MMControl1 is invalid.
